2025-08-13 20:37:02,377 - INFO - 저장된 설정이 없습니다.
2025-08-13 20:39:36,834 - INFO - 좌표 설정이 완료되지 않았습니다. 모든 좌표를 설정해주세요.
2025-08-13 20:42:57,166 - INFO - 일자 입력란 좌표 설정: (3590, 244)
2025-08-13 20:43:03,608 - INFO - 조회 버튼 좌표 설정: (3538, 299)
2025-08-13 20:43:11,916 - INFO - 복사 기준일자 입력란 좌표 설정: (4662, 195)
2025-08-13 20:43:31,002 - INFO - 사원 선택란 좌표 설정: (3702, 253)
2025-08-13 20:43:36,465 - INFO - 이전실적복사 버튼 좌표 설정: (4807, 199)
2025-08-13 20:43:41,791 - INFO - 좌표 설정이 완료되지 않았습니다. 모든 좌표를 설정해주세요.
2025-08-13 20:43:50,758 - INFO - 일자 입력란 좌표 설정: (3592, 238)
2025-08-13 20:43:56,588 - INFO - 조회 버튼 좌표 설정: (3546, 300)
2025-08-13 20:44:03,436 - INFO - 복사 기준일자 입력란 좌표 설정: (4667, 194)
2025-08-13 20:44:09,567 - INFO - 사원 선택란 좌표 설정: (3702, 252)
2025-08-13 20:44:17,464 - INFO - 이전실적복사 버튼 좌표 설정: (4787, 197)
2025-08-13 20:44:43,975 - INFO - 복사 버튼 좌표 설정: (4459, 270)
2025-08-13 20:44:46,480 - INFO - 설정이 저장되었습니다.
2025-08-13 20:49:29,387 - INFO - 작업 날짜 설정: 2개
2025-08-13 20:49:37,038 - INFO - 복사 기준일자 설정: 2025-08-01
2025-08-13 20:49:45,157 - INFO - 작업을 시작합니다.
2025-08-13 20:49:45,161 - INFO - 복사 기준일자를 입력합니다...
2025-08-13 20:49:55,721 - INFO - 날짜 2025-08-04 처리 시작 (1/2)
2025-08-13 20:50:16,285 - INFO - 날짜 2025-08-04 처리 완료
2025-08-13 20:50:16,292 - INFO - 날짜 2025-08-05 처리 시작 (2/2)
2025-08-13 20:50:36,857 - INFO - 날짜 2025-08-05 처리 완료
2025-08-13 20:50:36,862 - INFO - 모든 작업이 완료되었습니다.
2025-08-13 20:50:39,240 - INFO - 작업이 중지되었습니다.
2025-08-13 20:51:11,601 - INFO - 작업을 시작합니다.
2025-08-13 20:51:11,605 - INFO - 복사 기준일자를 입력합니다...
2025-08-13 20:51:22,153 - INFO - 날짜 2025-08-04 처리 시작 (1/2)
2025-08-13 20:51:42,754 - INFO - 날짜 2025-08-04 처리 완료
2025-08-13 20:51:42,765 - INFO - 날짜 2025-08-05 처리 시작 (2/2)
2025-08-13 20:52:03,347 - INFO - 날짜 2025-08-05 처리 완료
2025-08-13 20:52:03,353 - INFO - 모든 작업이 완료되었습니다.
2025-08-13 20:52:04,476 - INFO - 작업이 중지되었습니다.
2025-08-13 22:52:20,724 - INFO - 설정을 불러왔습니다.
2025-08-13 22:53:28,627 - INFO - 설정을 불러왔습니다.
2025-08-13 22:54:39,263 - INFO - 설정을 불러왔습니다.
2025-08-13 22:56:02,745 - INFO - 설정을 불러왔습니다.
2025-08-13 22:57:17,593 - INFO - 날짜 추가: 2025-08-25
2025-08-13 22:57:38,227 - INFO - 모든 날짜가 제거되었습니다.
2025-08-13 22:57:42,329 - INFO - 날짜 추가: 2025-07-29
2025-08-13 22:57:44,441 - INFO - 날짜 추가: 2025-07-30
2025-08-13 22:57:46,105 - INFO - 날짜 추가: 2025-07-24
2025-08-13 22:57:51,223 - INFO - 날짜 제거: 2025-07-24
2025-08-13 22:57:54,043 - INFO - 날짜 제거: 2025-07-29
2025-08-13 22:57:56,274 - INFO - 모든 날짜가 제거되었습니다.
2025-08-13 22:59:13,047 - INFO - 복사 기준일자 설정: 2025-08-05
2025-08-13 22:59:18,516 - INFO - 날짜 추가: 2025-08-06
2025-08-13 22:59:37,185 - INFO - 설정을 불러왔습니다.
2025-08-13 22:59:44,331 - INFO - 날짜 추가: 2025-08-13
2025-08-13 22:59:52,789 - INFO - 날짜 제거: 2025-08-13
2025-08-13 22:59:53,639 - INFO - 날짜 추가: 2025-08-13
2025-08-13 23:00:03,375 - INFO - 날짜 제거: 2025-08-13
2025-08-13 23:00:03,975 - INFO - 날짜 추가: 2025-08-13
2025-08-13 23:00:37,291 - INFO - 날짜 추가: 2025-08-13
2025-08-13 23:00:49,550 - INFO - 설정을 불러왔습니다.
2025-08-13 23:00:51,949 - INFO - 날짜 추가: 2025-08-13
2025-08-13 23:00:52,114 - INFO - 이미 선택된 날짜입니다: 2025-08-13
2025-08-13 23:00:52,749 - INFO - 이미 선택된 날짜입니다: 2025-08-13
2025-08-13 23:00:52,932 - INFO - 이미 선택된 날짜입니다: 2025-08-13
2025-08-13 23:00:53,126 - INFO - 이미 선택된 날짜입니다: 2025-08-13
2025-08-13 23:01:22,875 - INFO - 날짜 추가: 2025-08-13
2025-08-13 23:01:34,729 - INFO - 설정을 불러왔습니다.
2025-08-13 23:02:51,216 - INFO - 설정을 불러왔습니다.
2025-08-13 23:03:31,335 - INFO - 설정을 불러왔습니다.
2025-10-21 00:10:05,854 - INFO - 설정을 불러왔습니다.
2025-10-21 00:16:07,985 - INFO - 설정을 불러왔습니다.
